<?xml version="1.0" encoding="UTF-8"?>
<!-- Generated by org.testng.reporters.JUnitReportReporter -->
<testsuite hostname="INW1PF0TG7RQ" name="homepage.TestHomePage" tests="1" failures="0" timestamp="18 Aug 2018 12:48:14 GMT" time="139.825" errors="0">
  <testcase name="f" time="139.825" classname="homepage.TestHomePage"/>
</testsuite> <!-- homepage.TestHomePage -->
